<?xml version="1.0" encoding="UTF-8"?>
<testsuites name="Exercise 1" time="3.778" tests="2" failures="0" errors="1">
   <testsuite name="Exercise 1" tests="2" failures="0" errors="1" time="3.778" skipped="0" timestamp="10-01-2024T01:32:34" hostname="cucnguyen - 192.168.2.12" id="Test Suites/Exercise 1">
      <properties>
         <property name="deviceName" value=""/>
         <property name="devicePlatform" value=""/>
         <property name="logFolder" value="/Users/cucnguyen/Katalon Studio/Exam Katalon/Reports/20240110_013229/Exercise 1/20240110_013229"/>
         <property name="logFiles" value="/Users/cucnguyen/Katalon Studio/Exam Katalon/Reports/20240110_013229/Exercise 1/20240110_013229/execution0.log"/>
         <property name="attachments" value=""/>
         <property name="hostName" value="cucnguyen - 192.168.2.12"/>
         <property name="hostAddress" value="192.168.2.12"/>
         <property name="os" value="Mac OS X 64bit"/>
         <property name="katalonVersion" value="9.1.0.212"/>
      </properties>
      <testcase name="Test Cases/POST Create booking" time="2.357" classname="Test Cases/POST Create booking" status="PASSED">
         <system-out><![CDATA[10-01-2024T01:32:34 - [TEST_CASE][PASSED] - Test Cases/POST Create booking: Test Cases/POST Create booking

10-01-2024T01:32:34 - [TEST_STEP][PASSED] - firstName = sample.Common.generateRandomString(): sample.Common.generateRandomString is PASSED

10-01-2024T01:32:34 - [MESSAGE][PASSED] - sample.Common.generateRandomString is PASSED

10-01-2024T01:32:34 - [TEST_STEP][PASSED] - lastName = sample.Common.generateRandomString(): sample.Common.generateRandomString is PASSED

10-01-2024T01:32:34 - [MESSAGE][PASSED] - sample.Common.generateRandomString is PASSED

10-01-2024T01:32:34 - [TEST_STEP][PASSED] - response = sendRequest(findTestObject("Object Repository/POST Create booking", ["firstName":firstName, "lastName":lastName])): Send request successfully

10-01-2024T01:32:36 - [MESSAGE][INFO] - HAR: /Users/cucnguyen/Katalon Studio/Exam Katalon/Reports/20240110_013229/Exercise 1/20240110_013229/requests/main/0.har

10-01-2024T01:32:36 - [MESSAGE][PASSED] - Send request successfully

10-01-2024T01:32:36 - [TEST_STEP][PASSED] - verifyResponseStatusCode(response, 200): Verify response status code successfully

10-01-2024T01:32:36 - [MESSAGE][PASSED] - Verify response status code successfully

10-01-2024T01:32:36 - [TEST_STEP][PASSED] - verifyElementPropertyValue(response, "booking.firstname", $firstName): Verify element property value successfully

10-01-2024T01:32:36 - [MESSAGE][PASSED] - Verify element property value successfully

10-01-2024T01:32:36 - [TEST_STEP][PASSED] - verifyElementPropertyValue(response, "booking.lastname", $lastName): Verify element property value successfully

10-01-2024T01:32:36 - [MESSAGE][PASSED] - Verify element property value successfully

10-01-2024T01:32:36 - [TEST_STEP][PASSED] - responseFirstName = getElementPropertyValue(response, "booking.firstname"): null

10-01-2024T01:32:36 - [TEST_STEP][PASSED] - responseLastName = getElementPropertyValue(response, "booking.lastname"): null

10-01-2024T01:32:36 - [TEST_STEP][PASSED] - id = getElementPropertyValue(response, "bookingid"): null

10-01-2024T01:32:36 - [TEST_STEP][PASSED] - firstName = responseFirstName: null

10-01-2024T01:32:36 - [TEST_STEP][PASSED] - lastName = responseLastName: null

10-01-2024T01:32:36 - [TEST_STEP][PASSED] - id = id: null

10-01-2024T01:32:36 - [TEST_STEP][PASSED] - println("responseFirstName " + responseFirstName): null

10-01-2024T01:32:36 - [TEST_STEP][PASSED] - println("responseLastName " + responseLastName): null

10-01-2024T01:32:36 - [TEST_STEP][PASSED] - println("id: " + id): null]]></system-out>
         <system-err><![CDATA[]]></system-err>
      </testcase>
      <testcase name="Test Cases/GET Search booking" time="1.315" classname="Test Cases/GET Search booking" status="ERROR">
         <error type="ERROR" message="Test Cases/GET Search booking FAILED.&#xa;Reason:&#xa;groovy.lang.MissingMethodException: No signature of method: static com.kms.katalon.core.webservice.keyword.WSBuiltInKeywords.verifyElementPropertyValue() is applicable for argument types: (ArrayList, String, String) values: [[[bookingid:251], [bookingid:320], [bookingid:187], [bookingid:258], ...], ...]&#xa;Possible solutions: verifyElementPropertyValue(com.kms.katalon.core.testobject.ResponseObject, java.lang.String, java.lang.Object), verifyElementPropertyValue(com.kms.katalon.core.testobject.ResponseObject, java.lang.String, java.lang.Object, com.kms.katalon.core.model.FailureHandling)&#xa;	at GET Search booking.run(GET Search booking:48)&#xa;	at com.kms.katalon.core.main.ScriptEngine.run(ScriptEngine.java:194)&#xa;	at com.kms.katalon.core.main.ScriptEngine.runScriptAsRawText(ScriptEngine.java:119)&#xa;	at com.kms.katalon.core.main.TestCaseExecutor.runScript(TestCaseExecutor.java:448)&#xa;	at com.kms.katalon.core.main.TestCaseExecutor.doExecute(TestCaseExecutor.java:439)&#xa;	at com.kms.katalon.core.main.TestCaseExecutor.processExecutionPhase(TestCaseExecutor.java:418)&#xa;	at com.kms.katalon.core.main.TestCaseExecutor.accessMainPhase(TestCaseExecutor.java:410)&#xa;	at com.kms.katalon.core.main.TestCaseExecutor.execute(TestCaseExecutor.java:285)&#xa;	at com.kms.katalon.core.common.CommonExecutor.accessTestCaseMainPhase(CommonExecutor.java:65)&#xa;	at com.kms.katalon.core.main.TestSuiteExecutor.accessTestSuiteMainPhase(TestSuiteExecutor.java:148)&#xa;	at com.kms.katalon.core.main.TestSuiteExecutor.execute(TestSuiteExecutor.java:106)&#xa;	at com.kms.katalon.core.main.TestCaseMain.startTestSuite(TestCaseMain.java:180)&#xa;	at TempTestSuite1704825149533.run(TempTestSuite1704825149533.groovy:36)&#xa;	at java.base/jdk.internal.reflect.NativeMethodAccessorImpl.invoke0(Native Method)&#xa;	at java.base/jdk.internal.reflect.NativeMethodAccessorImpl.invoke(NativeMethodAccessorImpl.java:77)&#xa;	at java.base/jdk.internal.reflect.DelegatingMethodAccessorImpl.invoke(DelegatingMethodAccessorImpl.java:43)&#xa;"/>
         <system-out><![CDATA[10-01-2024T01:32:36 - [TEST_CASE][ERROR] - Test Cases/GET Search booking: Test Cases/GET Search booking FAILED.
Reason:
groovy.lang.MissingMethodException: No signature of method: static com.kms.katalon.core.webservice.keyword.WSBuiltInKeywords.verifyElementPropertyValue() is applicable for argument types: (ArrayList, String, String) values: [[[bookingid:251], [bookingid:320], [bookingid:187], [bookingid:258], ...], ...]
Possible solutions: verifyElementPropertyValue(com.kms.katalon.core.testobject.ResponseObject, java.lang.String, java.lang.Object), verifyElementPropertyValue(com.kms.katalon.core.testobject.ResponseObject, java.lang.String, java.lang.Object, com.kms.katalon.core.model.FailureHandling)
	at GET Search booking.run(GET Search booking:48)
	at com.kms.katalon.core.main.ScriptEngine.run(ScriptEngine.java:194)
	at com.kms.katalon.core.main.ScriptEngine.runScriptAsRawText(ScriptEngine.java:119)
	at com.kms.katalon.core.main.TestCaseExecutor.runScript(TestCaseExecutor.java:448)
	at com.kms.katalon.core.main.TestCaseExecutor.doExecute(TestCaseExecutor.java:439)
	at com.kms.katalon.core.main.TestCaseExecutor.processExecutionPhase(TestCaseExecutor.java:418)
	at com.kms.katalon.core.main.TestCaseExecutor.accessMainPhase(TestCaseExecutor.java:410)
	at com.kms.katalon.core.main.TestCaseExecutor.execute(TestCaseExecutor.java:285)
	at com.kms.katalon.core.common.CommonExecutor.accessTestCaseMainPhase(CommonExecutor.java:65)
	at com.kms.katalon.core.main.TestSuiteExecutor.accessTestSuiteMainPhase(TestSuiteExecutor.java:148)
	at com.kms.katalon.core.main.TestSuiteExecutor.execute(TestSuiteExecutor.java:106)
	at com.kms.katalon.core.main.TestCaseMain.startTestSuite(TestCaseMain.java:180)
	at TempTestSuite1704825149533.run(TempTestSuite1704825149533.groovy:36)
	at java.base/jdk.internal.reflect.NativeMethodAccessorImpl.invoke0(Native Method)
	at java.base/jdk.internal.reflect.NativeMethodAccessorImpl.invoke(NativeMethodAccessorImpl.java:77)
	at java.base/jdk.internal.reflect.DelegatingMethodAccessorImpl.invoke(DelegatingMethodAccessorImpl.java:43)


10-01-2024T01:32:36 - [TEST_STEP][PASSED] - firstName = firstName: null

10-01-2024T01:32:36 - [TEST_STEP][PASSED] - lastName = lastName: null

10-01-2024T01:32:36 - [TEST_STEP][PASSED] - id = id: null

10-01-2024T01:32:36 - [TEST_STEP][PASSED] - response = sendRequestAndVerify(findTestObject("Object Repository/GET Search booking", ["firstName":firstName, "lastName":lastName])): Send request and verify the response successfully

10-01-2024T01:32:38 - [MESSAGE][INFO] - HAR: /Users/cucnguyen/Katalon Studio/Exam Katalon/Reports/20240110_013229/Exercise 1/20240110_013229/requests/main/1.har

10-01-2024T01:32:38 - [TEST_CASE][PASSED] - Start Test Case : Verification: Verification accomplished successfully

10-01-2024T01:32:38 - [TEST_STEP][PASSED] - request = getInstance().getCurrentRequest(): null

10-01-2024T01:32:38 - [TEST_STEP][PASSED] - response = getInstance().getCurrentResponse(): null

10-01-2024T01:32:38 - [TEST_STEP][PASSED] - id = id: null

10-01-2024T01:32:38 - [TEST_STEP][PASSED] - jsonSlurper = new groovy.json.JsonSlurper(): null

10-01-2024T01:32:38 - [TEST_STEP][PASSED] - jsonResponse = jsonSlurper.parseText(response.getResponseText()): null

10-01-2024T01:32:38 - [MESSAGE][PASSED] - Verify response successfully

10-01-2024T01:32:38 - [MESSAGE][PASSED] - All validation steps have been passed

10-01-2024T01:32:38 - [MESSAGE][PASSED] - Send request and verify the response successfully

10-01-2024T01:32:38 - [TEST_STEP][PASSED] - println("Step2: First Name " + firstName): null

10-01-2024T01:32:38 - [TEST_STEP][PASSED] - println("Step2: Last Name " + lastName): null

10-01-2024T01:32:38 - [TEST_STEP][PASSED] - println("Step2: ID " + id): null

10-01-2024T01:32:38 - [TEST_STEP][PASSED] - verifyResponseStatusCode(response, 200): Verify response status code successfully

10-01-2024T01:32:38 - [MESSAGE][PASSED] - Verify response status code successfully

10-01-2024T01:32:38 - [TEST_STEP][PASSED] - responseBody = response.getResponseBodyContent(): null

10-01-2024T01:32:38 - [TEST_STEP][PASSED] - jsonResponse = JsonSlurper().parseText(responseBody): null

10-01-2024T01:32:38 - [TEST_STEP][ERROR] - verifyElementPropertyValue(jsonResponse, "bookingid", id): Test Cases/GET Search booking FAILED.
Reason:
groovy.lang.MissingMethodException: No signature of method: static com.kms.katalon.core.webservice.keyword.WSBuiltInKeywords.verifyElementPropertyValue() is applicable for argument types: (ArrayList, String, String) values: [[[bookingid:251], [bookingid:320], [bookingid:187], [bookingid:258], ...], ...]
Possible solutions: verifyElementPropertyValue(com.kms.katalon.core.testobject.ResponseObject, java.lang.String, java.lang.Object), verifyElementPropertyValue(com.kms.katalon.core.testobject.ResponseObject, java.lang.String, java.lang.Object, com.kms.katalon.core.model.FailureHandling)
	at GET Search booking.run(GET Search booking:48)
	at com.kms.katalon.core.main.ScriptEngine.run(ScriptEngine.java:194)
	at com.kms.katalon.core.main.ScriptEngine.runScriptAsRawText(ScriptEngine.java:119)
	at com.kms.katalon.core.main.TestCaseExecutor.runScript(TestCaseExecutor.java:448)
	at com.kms.katalon.core.main.TestCaseExecutor.doExecute(TestCaseExecutor.java:439)
	at com.kms.katalon.core.main.TestCaseExecutor.processExecutionPhase(TestCaseExecutor.java:418)
	at com.kms.katalon.core.main.TestCaseExecutor.accessMainPhase(TestCaseExecutor.java:410)
	at com.kms.katalon.core.main.TestCaseExecutor.execute(TestCaseExecutor.java:285)
	at com.kms.katalon.core.common.CommonExecutor.accessTestCaseMainPhase(CommonExecutor.java:65)
	at com.kms.katalon.core.main.TestSuiteExecutor.accessTestSuiteMainPhase(TestSuiteExecutor.java:148)
	at com.kms.katalon.core.main.TestSuiteExecutor.execute(TestSuiteExecutor.java:106)
	at com.kms.katalon.core.main.TestCaseMain.startTestSuite(TestCaseMain.java:180)
	at TempTestSuite1704825149533.run(TempTestSuite1704825149533.groovy:36)
	at java.base/jdk.internal.reflect.NativeMethodAccessorImpl.invoke0(Native Method)
	at java.base/jdk.internal.reflect.NativeMethodAccessorImpl.invoke(NativeMethodAccessorImpl.java:77)
	at java.base/jdk.internal.reflect.DelegatingMethodAccessorImpl.invoke(DelegatingMethodAccessorImpl.java:43)


10-01-2024T01:32:38 - [MESSAGE][ERROR] - Test Cases/GET Search booking FAILED.
Reason:
groovy.lang.MissingMethodException: No signature of method: static com.kms.katalon.core.webservice.keyword.WSBuiltInKeywords.verifyElementPropertyValue() is applicable for argument types: (ArrayList, String, String) values: [[[bookingid:251], [bookingid:320], [bookingid:187], [bookingid:258], ...], ...]
Possible solutions: verifyElementPropertyValue(com.kms.katalon.core.testobject.ResponseObject, java.lang.String, java.lang.Object), verifyElementPropertyValue(com.kms.katalon.core.testobject.ResponseObject, java.lang.String, java.lang.Object, com.kms.katalon.core.model.FailureHandling)
	at GET Search booking.run(GET Search booking:48)
	at com.kms.katalon.core.main.ScriptEngine.run(ScriptEngine.java:194)
	at com.kms.katalon.core.main.ScriptEngine.runScriptAsRawText(ScriptEngine.java:119)
	at com.kms.katalon.core.main.TestCaseExecutor.runScript(TestCaseExecutor.java:448)
	at com.kms.katalon.core.main.TestCaseExecutor.doExecute(TestCaseExecutor.java:439)
	at com.kms.katalon.core.main.TestCaseExecutor.processExecutionPhase(TestCaseExecutor.java:418)
	at com.kms.katalon.core.main.TestCaseExecutor.accessMainPhase(TestCaseExecutor.java:410)
	at com.kms.katalon.core.main.TestCaseExecutor.execute(TestCaseExecutor.java:285)
	at com.kms.katalon.core.common.CommonExecutor.accessTestCaseMainPhase(CommonExecutor.java:65)
	at com.kms.katalon.core.main.TestSuiteExecutor.accessTestSuiteMainPhase(TestSuiteExecutor.java:148)
	at com.kms.katalon.core.main.TestSuiteExecutor.execute(TestSuiteExecutor.java:106)
	at com.kms.katalon.core.main.TestCaseMain.startTestSuite(TestCaseMain.java:180)
	at TempTestSuite1704825149533.run(TempTestSuite1704825149533.groovy:36)
	at java.base/jdk.internal.reflect.NativeMethodAccessorImpl.invoke0(Native Method)
	at java.base/jdk.internal.reflect.NativeMethodAccessorImpl.invoke(NativeMethodAccessorImpl.java:77)
	at java.base/jdk.internal.reflect.DelegatingMethodAccessorImpl.invoke(DelegatingMethodAccessorImpl.java:43)]]></system-out>
         <system-err><![CDATA[10-01-2024T01:32:36 - [TEST_CASE][ERROR] - Test Cases/GET Search booking: Test Cases/GET Search booking FAILED.
Reason:
groovy.lang.MissingMethodException: No signature of method: static com.kms.katalon.core.webservice.keyword.WSBuiltInKeywords.verifyElementPropertyValue() is applicable for argument types: (ArrayList, String, String) values: [[[bookingid:251], [bookingid:320], [bookingid:187], [bookingid:258], ...], ...]
Possible solutions: verifyElementPropertyValue(com.kms.katalon.core.testobject.ResponseObject, java.lang.String, java.lang.Object), verifyElementPropertyValue(com.kms.katalon.core.testobject.ResponseObject, java.lang.String, java.lang.Object, com.kms.katalon.core.model.FailureHandling)
	at GET Search booking.run(GET Search booking:48)
	at com.kms.katalon.core.main.ScriptEngine.run(ScriptEngine.java:194)
	at com.kms.katalon.core.main.ScriptEngine.runScriptAsRawText(ScriptEngine.java:119)
	at com.kms.katalon.core.main.TestCaseExecutor.runScript(TestCaseExecutor.java:448)
	at com.kms.katalon.core.main.TestCaseExecutor.doExecute(TestCaseExecutor.java:439)
	at com.kms.katalon.core.main.TestCaseExecutor.processExecutionPhase(TestCaseExecutor.java:418)
	at com.kms.katalon.core.main.TestCaseExecutor.accessMainPhase(TestCaseExecutor.java:410)
	at com.kms.katalon.core.main.TestCaseExecutor.execute(TestCaseExecutor.java:285)
	at com.kms.katalon.core.common.CommonExecutor.accessTestCaseMainPhase(CommonExecutor.java:65)
	at com.kms.katalon.core.main.TestSuiteExecutor.accessTestSuiteMainPhase(TestSuiteExecutor.java:148)
	at com.kms.katalon.core.main.TestSuiteExecutor.execute(TestSuiteExecutor.java:106)
	at com.kms.katalon.core.main.TestCaseMain.startTestSuite(TestCaseMain.java:180)
	at TempTestSuite1704825149533.run(TempTestSuite1704825149533.groovy:36)
	at java.base/jdk.internal.reflect.NativeMethodAccessorImpl.invoke0(Native Method)
	at java.base/jdk.internal.reflect.NativeMethodAccessorImpl.invoke(NativeMethodAccessorImpl.java:77)
	at java.base/jdk.internal.reflect.DelegatingMethodAccessorImpl.invoke(DelegatingMethodAccessorImpl.java:43)]]></system-err>
      </testcase>
      <system-out><![CDATA[10-01-2024T01:32:34 - [TEST_SUITE][ERROR] - Exercise 1: Test Cases/GET Search booking FAILED.
Reason:
groovy.lang.MissingMethodException: No signature of method: static com.kms.katalon.core.webservice.keyword.WSBuiltInKeywords.verifyElementPropertyValue() is applicable for argument types: (ArrayList, String, String) values: [[[bookingid:251], [bookingid:320], [bookingid:187], [bookingid:258], ...], ...]
Possible solutions: verifyElementPropertyValue(com.kms.katalon.core.testobject.ResponseObject, java.lang.String, java.lang.Object), verifyElementPropertyValue(com.kms.katalon.core.testobject.ResponseObject, java.lang.String, java.lang.Object, com.kms.katalon.core.model.FailureHandling)
	at GET Search booking.run(GET Search booking:48)
	at com.kms.katalon.core.main.ScriptEngine.run(ScriptEngine.java:194)
	at com.kms.katalon.core.main.ScriptEngine.runScriptAsRawText(ScriptEngine.java:119)
	at com.kms.katalon.core.main.TestCaseExecutor.runScript(TestCaseExecutor.java:448)
	at com.kms.katalon.core.main.TestCaseExecutor.doExecute(TestCaseExecutor.java:439)
	at com.kms.katalon.core.main.TestCaseExecutor.processExecutionPhase(TestCaseExecutor.java:418)
	at com.kms.katalon.core.main.TestCaseExecutor.accessMainPhase(TestCaseExecutor.java:410)
	at com.kms.katalon.core.main.TestCaseExecutor.execute(TestCaseExecutor.java:285)
	at com.kms.katalon.core.common.CommonExecutor.accessTestCaseMainPhase(CommonExecutor.java:65)
	at com.kms.katalon.core.main.TestSuiteExecutor.accessTestSuiteMainPhase(TestSuiteExecutor.java:148)
	at com.kms.katalon.core.main.TestSuiteExecutor.execute(TestSuiteExecutor.java:106)
	at com.kms.katalon.core.main.TestCaseMain.startTestSuite(TestCaseMain.java:180)
	at TempTestSuite1704825149533.run(TempTestSuite1704825149533.groovy:36)
	at java.base/jdk.internal.reflect.NativeMethodAccessorImpl.invoke0(Native Method)
	at java.base/jdk.internal.reflect.NativeMethodAccessorImpl.invoke(NativeMethodAccessorImpl.java:77)
	at java.base/jdk.internal.reflect.DelegatingMethodAccessorImpl.invoke(DelegatingMethodAccessorImpl.java:43)]]></system-out>
      <system-err><![CDATA[10-01-2024T01:32:34 - [TEST_SUITE][ERROR] - Exercise 1: Test Cases/GET Search booking FAILED.
Reason:
groovy.lang.MissingMethodException: No signature of method: static com.kms.katalon.core.webservice.keyword.WSBuiltInKeywords.verifyElementPropertyValue() is applicable for argument types: (ArrayList, String, String) values: [[[bookingid:251], [bookingid:320], [bookingid:187], [bookingid:258], ...], ...]
Possible solutions: verifyElementPropertyValue(com.kms.katalon.core.testobject.ResponseObject, java.lang.String, java.lang.Object), verifyElementPropertyValue(com.kms.katalon.core.testobject.ResponseObject, java.lang.String, java.lang.Object, com.kms.katalon.core.model.FailureHandling)
	at GET Search booking.run(GET Search booking:48)
	at com.kms.katalon.core.main.ScriptEngine.run(ScriptEngine.java:194)
	at com.kms.katalon.core.main.ScriptEngine.runScriptAsRawText(ScriptEngine.java:119)
	at com.kms.katalon.core.main.TestCaseExecutor.runScript(TestCaseExecutor.java:448)
	at com.kms.katalon.core.main.TestCaseExecutor.doExecute(TestCaseExecutor.java:439)
	at com.kms.katalon.core.main.TestCaseExecutor.processExecutionPhase(TestCaseExecutor.java:418)
	at com.kms.katalon.core.main.TestCaseExecutor.accessMainPhase(TestCaseExecutor.java:410)
	at com.kms.katalon.core.main.TestCaseExecutor.execute(TestCaseExecutor.java:285)
	at com.kms.katalon.core.common.CommonExecutor.accessTestCaseMainPhase(CommonExecutor.java:65)
	at com.kms.katalon.core.main.TestSuiteExecutor.accessTestSuiteMainPhase(TestSuiteExecutor.java:148)
	at com.kms.katalon.core.main.TestSuiteExecutor.execute(TestSuiteExecutor.java:106)
	at com.kms.katalon.core.main.TestCaseMain.startTestSuite(TestCaseMain.java:180)
	at TempTestSuite1704825149533.run(TempTestSuite1704825149533.groovy:36)
	at java.base/jdk.internal.reflect.NativeMethodAccessorImpl.invoke0(Native Method)
	at java.base/jdk.internal.reflect.NativeMethodAccessorImpl.invoke(NativeMethodAccessorImpl.java:77)
	at java.base/jdk.internal.reflect.DelegatingMethodAccessorImpl.invoke(DelegatingMethodAccessorImpl.java:43)]]></system-err>
   </testsuite>
</testsuites>
