<?xml version="1.0" encoding="UTF-8"?>
<testsuites name="Exercise 2" time="8.718" tests="4" failures="0" errors="1">
   <testsuite name="Exercise 2" tests="4" failures="0" errors="1" time="8.718" skipped="0" timestamp="10-01-2024T20:28:50" hostname="cucnguyen - 192.168.2.12" id="Test Suites/Exercise 2">
      <properties>
         <property name="deviceName" value=""/>
         <property name="devicePlatform" value=""/>
         <property name="logFolder" value="/Users/cucnguyen/Katalon Studio/Exam Katalon/Reports/20240110_202844/Exercise 2/20240110_202844"/>
         <property name="logFiles" value="/Users/cucnguyen/Katalon Studio/Exam Katalon/Reports/20240110_202844/Exercise 2/20240110_202844/execution0.log"/>
         <property name="attachments" value=""/>
         <property name="hostName" value="cucnguyen - 192.168.2.12"/>
         <property name="hostAddress" value="192.168.2.12"/>
         <property name="os" value="Mac OS X 64bit"/>
         <property name="katalonVersion" value="9.1.0.212"/>
      </properties>
      <testcase name="Test Cases/POST Create Multiple Booking" time="2.584" classname="Test Cases/POST Create Multiple Booking" status="PASSED">
         <system-out><![CDATA[10-01-2024T20:28:50 - [TEST_CASE][PASSED] - Test Cases/POST Create Multiple Booking: Test Cases/POST Create Multiple Booking

10-01-2024T20:28:51 - [TEST_STEP][PASSED] - response = sendRequest(findTestObject("Object Repository/POST Create Multiple Booking", ["firstName":firstName, "lastName":lastName])): Send request successfully

10-01-2024T20:28:53 - [MESSAGE][INFO] - HAR: /Users/cucnguyen/Katalon Studio/Exam Katalon/Reports/20240110_202844/Exercise 2/20240110_202844/requests/main/0.har

10-01-2024T20:28:53 - [MESSAGE][PASSED] - Send request successfully

10-01-2024T20:28:53 - [TEST_STEP][PASSED] - verifyResponseStatusCode(response, 200): Verify response status code successfully

10-01-2024T20:28:53 - [MESSAGE][PASSED] - Verify response status code successfully

10-01-2024T20:28:53 - [TEST_STEP][PASSED] - verifyElementPropertyValue(response, "booking.firstname", $firstName): Verify element property value successfully

10-01-2024T20:28:53 - [MESSAGE][PASSED] - Verify element property value successfully

10-01-2024T20:28:53 - [TEST_STEP][PASSED] - verifyElementPropertyValue(response, "booking.lastname", $lastName): Verify element property value successfully

10-01-2024T20:28:53 - [MESSAGE][PASSED] - Verify element property value successfully

10-01-2024T20:28:53 - [TEST_STEP][PASSED] - id = getElementPropertyValue(response, "bookingid"): null

10-01-2024T20:28:53 - [TEST_STEP][PASSED] - ids = id: null

10-01-2024T20:28:53 - [TEST_STEP][PASSED] - println("Boooking id: " + id): null]]></system-out>
         <system-err><![CDATA[]]></system-err>
      </testcase>
      <testcase name="Test Cases/POST Create Multiple Booking" time="4.238" classname="Test Cases/POST Create Multiple Booking" status="PASSED">
         <system-out><![CDATA[10-01-2024T20:28:53 - [TEST_CASE][PASSED] - Test Cases/POST Create Multiple Booking: Test Cases/POST Create Multiple Booking

10-01-2024T20:28:53 - [TEST_STEP][PASSED] - response = sendRequest(findTestObject("Object Repository/POST Create Multiple Booking", ["firstName":firstName, "lastName":lastName])): Send request successfully

10-01-2024T20:28:57 - [MESSAGE][INFO] - HAR: /Users/cucnguyen/Katalon Studio/Exam Katalon/Reports/20240110_202844/Exercise 2/20240110_202844/requests/main/1.har

10-01-2024T20:28:57 - [MESSAGE][PASSED] - Send request successfully

10-01-2024T20:28:57 - [TEST_STEP][PASSED] - verifyResponseStatusCode(response, 200): Verify response status code successfully

10-01-2024T20:28:57 - [MESSAGE][PASSED] - Verify response status code successfully

10-01-2024T20:28:57 - [TEST_STEP][PASSED] - verifyElementPropertyValue(response, "booking.firstname", $firstName): Verify element property value successfully

10-01-2024T20:28:57 - [MESSAGE][PASSED] - Verify element property value successfully

10-01-2024T20:28:57 - [TEST_STEP][PASSED] - verifyElementPropertyValue(response, "booking.lastname", $lastName): Verify element property value successfully

10-01-2024T20:28:57 - [MESSAGE][PASSED] - Verify element property value successfully

10-01-2024T20:28:57 - [TEST_STEP][PASSED] - id = getElementPropertyValue(response, "bookingid"): null

10-01-2024T20:28:57 - [TEST_STEP][PASSED] - ids = id: null

10-01-2024T20:28:57 - [TEST_STEP][PASSED] - println("Boooking id: " + id): null]]></system-out>
         <system-err><![CDATA[]]></system-err>
      </testcase>
      <testcase name="Test Cases/POST Create Multiple Booking" time="1.718" classname="Test Cases/POST Create Multiple Booking" status="PASSED">
         <system-out><![CDATA[10-01-2024T20:28:57 - [TEST_CASE][PASSED] - Test Cases/POST Create Multiple Booking: Test Cases/POST Create Multiple Booking

10-01-2024T20:28:57 - [TEST_STEP][PASSED] - response = sendRequest(findTestObject("Object Repository/POST Create Multiple Booking", ["firstName":firstName, "lastName":lastName])): Send request successfully

10-01-2024T20:28:59 - [MESSAGE][INFO] - HAR: /Users/cucnguyen/Katalon Studio/Exam Katalon/Reports/20240110_202844/Exercise 2/20240110_202844/requests/main/2.har

10-01-2024T20:28:59 - [MESSAGE][PASSED] - Send request successfully

10-01-2024T20:28:59 - [TEST_STEP][PASSED] - verifyResponseStatusCode(response, 200): Verify response status code successfully

10-01-2024T20:28:59 - [MESSAGE][PASSED] - Verify response status code successfully

10-01-2024T20:28:59 - [TEST_STEP][PASSED] - verifyElementPropertyValue(response, "booking.firstname", $firstName): Verify element property value successfully

10-01-2024T20:28:59 - [MESSAGE][PASSED] - Verify element property value successfully

10-01-2024T20:28:59 - [TEST_STEP][PASSED] - verifyElementPropertyValue(response, "booking.lastname", $lastName): Verify element property value successfully

10-01-2024T20:28:59 - [MESSAGE][PASSED] - Verify element property value successfully

10-01-2024T20:28:59 - [TEST_STEP][PASSED] - id = getElementPropertyValue(response, "bookingid"): null

10-01-2024T20:28:59 - [TEST_STEP][PASSED] - ids = id: null

10-01-2024T20:28:59 - [TEST_STEP][PASSED] - println("Boooking id: " + id): null]]></system-out>
         <system-err><![CDATA[]]></system-err>
      </testcase>
      <testcase name="Test Cases/GET Booking Ids" time="0.038" classname="Test Cases/GET Booking Ids" status="ERROR">
         <error type="ERROR" message="Test Cases/GET Booking Ids FAILED.&#xa;Reason:&#xa;org.codehaus.groovy.control.MultipleCompilationErrorsException: startup failed:&#xa;file:/Users/cucnguyen/Katalon%20Studio/Exam%20Katalon/Scripts/GET%20Booking%20Ids/Script1704891445868.groovy: 25: unable to resolve class ResponseObject&#xa; @ line 25, column 16.&#xa;   ResponseObject response= WS.sendRequestAndVerify(findTestObject('Object Repository/GET Booking Ids', [('id') : id ]))&#xa;                  ^&#xa;&#xa;1 error&#xa;&#xa;	at com.kms.katalon.core.main.ScriptEngine.getScript(ScriptEngine.java:199)&#xa;	at com.kms.katalon.core.main.ScriptEngine.run(ScriptEngine.java:194)&#xa;	at com.kms.katalon.core.main.ScriptEngine.runScriptAsRawText(ScriptEngine.java:119)&#xa;	at com.kms.katalon.core.main.TestCaseExecutor.runScript(TestCaseExecutor.java:448)&#xa;	at com.kms.katalon.core.main.TestCaseExecutor.doExecute(TestCaseExecutor.java:439)&#xa;	at com.kms.katalon.core.main.TestCaseExecutor.processExecutionPhase(TestCaseExecutor.java:418)&#xa;	at com.kms.katalon.core.main.TestCaseExecutor.accessMainPhase(TestCaseExecutor.java:410)&#xa;	at com.kms.katalon.core.main.TestCaseExecutor.execute(TestCaseExecutor.java:285)&#xa;	at com.kms.katalon.core.common.CommonExecutor.accessTestCaseMainPhase(CommonExecutor.java:65)&#xa;	at com.kms.katalon.core.main.TestSuiteExecutor.accessTestSuiteMainPhase(TestSuiteExecutor.java:148)&#xa;	at com.kms.katalon.core.main.TestSuiteExecutor.execute(TestSuiteExecutor.java:106)&#xa;	at com.kms.katalon.core.main.TestCaseMain.startTestSuite(TestCaseMain.java:180)&#xa;	at TempTestSuite1704893324232.run(TempTestSuite1704893324232.groovy:36)&#xa;	at java.base/jdk.internal.reflect.NativeMethodAccessorImpl.invoke0(Native Method)&#xa;	at java.base/jdk.internal.reflect.NativeMethodAccessorImpl.invoke(NativeMethodAccessorImpl.java:77)&#xa;	at java.base/jdk.internal.reflect.DelegatingMethodAccessorImpl.invoke(DelegatingMethodAccessorImpl.java:43)&#xa;"/>
         <system-out><![CDATA[10-01-2024T20:28:59 - [TEST_CASE][ERROR] - Test Cases/GET Booking Ids: Test Cases/GET Booking Ids FAILED.
Reason:
org.codehaus.groovy.control.MultipleCompilationErrorsException: startup failed:
file:/Users/cucnguyen/Katalon%20Studio/Exam%20Katalon/Scripts/GET%20Booking%20Ids/Script1704891445868.groovy: 25: unable to resolve class ResponseObject
 @ line 25, column 16.
   ResponseObject response= WS.sendRequestAndVerify(findTestObject('Object Repository/GET Booking Ids', [('id') : id ]))
                  ^

1 error

	at com.kms.katalon.core.main.ScriptEngine.getScript(ScriptEngine.java:199)
	at com.kms.katalon.core.main.ScriptEngine.run(ScriptEngine.java:194)
	at com.kms.katalon.core.main.ScriptEngine.runScriptAsRawText(ScriptEngine.java:119)
	at com.kms.katalon.core.main.TestCaseExecutor.runScript(TestCaseExecutor.java:448)
	at com.kms.katalon.core.main.TestCaseExecutor.doExecute(TestCaseExecutor.java:439)
	at com.kms.katalon.core.main.TestCaseExecutor.processExecutionPhase(TestCaseExecutor.java:418)
	at com.kms.katalon.core.main.TestCaseExecutor.accessMainPhase(TestCaseExecutor.java:410)
	at com.kms.katalon.core.main.TestCaseExecutor.execute(TestCaseExecutor.java:285)
	at com.kms.katalon.core.common.CommonExecutor.accessTestCaseMainPhase(CommonExecutor.java:65)
	at com.kms.katalon.core.main.TestSuiteExecutor.accessTestSuiteMainPhase(TestSuiteExecutor.java:148)
	at com.kms.katalon.core.main.TestSuiteExecutor.execute(TestSuiteExecutor.java:106)
	at com.kms.katalon.core.main.TestCaseMain.startTestSuite(TestCaseMain.java:180)
	at TempTestSuite1704893324232.run(TempTestSuite1704893324232.groovy:36)
	at java.base/jdk.internal.reflect.NativeMethodAccessorImpl.invoke0(Native Method)
	at java.base/jdk.internal.reflect.NativeMethodAccessorImpl.invoke(NativeMethodAccessorImpl.java:77)
	at java.base/jdk.internal.reflect.DelegatingMethodAccessorImpl.invoke(DelegatingMethodAccessorImpl.java:43)]]></system-out>
         <system-err><![CDATA[10-01-2024T20:28:59 - [TEST_CASE][ERROR] - Test Cases/GET Booking Ids: Test Cases/GET Booking Ids FAILED.
Reason:
org.codehaus.groovy.control.MultipleCompilationErrorsException: startup failed:
file:/Users/cucnguyen/Katalon%20Studio/Exam%20Katalon/Scripts/GET%20Booking%20Ids/Script1704891445868.groovy: 25: unable to resolve class ResponseObject
 @ line 25, column 16.
   ResponseObject response= WS.sendRequestAndVerify(findTestObject('Object Repository/GET Booking Ids', [('id') : id ]))
                  ^

1 error

	at com.kms.katalon.core.main.ScriptEngine.getScript(ScriptEngine.java:199)
	at com.kms.katalon.core.main.ScriptEngine.run(ScriptEngine.java:194)
	at com.kms.katalon.core.main.ScriptEngine.runScriptAsRawText(ScriptEngine.java:119)
	at com.kms.katalon.core.main.TestCaseExecutor.runScript(TestCaseExecutor.java:448)
	at com.kms.katalon.core.main.TestCaseExecutor.doExecute(TestCaseExecutor.java:439)
	at com.kms.katalon.core.main.TestCaseExecutor.processExecutionPhase(TestCaseExecutor.java:418)
	at com.kms.katalon.core.main.TestCaseExecutor.accessMainPhase(TestCaseExecutor.java:410)
	at com.kms.katalon.core.main.TestCaseExecutor.execute(TestCaseExecutor.java:285)
	at com.kms.katalon.core.common.CommonExecutor.accessTestCaseMainPhase(CommonExecutor.java:65)
	at com.kms.katalon.core.main.TestSuiteExecutor.accessTestSuiteMainPhase(TestSuiteExecutor.java:148)
	at com.kms.katalon.core.main.TestSuiteExecutor.execute(TestSuiteExecutor.java:106)
	at com.kms.katalon.core.main.TestCaseMain.startTestSuite(TestCaseMain.java:180)
	at TempTestSuite1704893324232.run(TempTestSuite1704893324232.groovy:36)
	at java.base/jdk.internal.reflect.NativeMethodAccessorImpl.invoke0(Native Method)
	at java.base/jdk.internal.reflect.NativeMethodAccessorImpl.invoke(NativeMethodAccessorImpl.java:77)
	at java.base/jdk.internal.reflect.DelegatingMethodAccessorImpl.invoke(DelegatingMethodAccessorImpl.java:43)]]></system-err>
      </testcase>
      <system-out><![CDATA[10-01-2024T20:28:50 - [TEST_SUITE][ERROR] - Exercise 2: Test Cases/GET Booking Ids FAILED.
Reason:
org.codehaus.groovy.control.MultipleCompilationErrorsException: startup failed:
file:/Users/cucnguyen/Katalon%20Studio/Exam%20Katalon/Scripts/GET%20Booking%20Ids/Script1704891445868.groovy: 25: unable to resolve class ResponseObject
 @ line 25, column 16.
   ResponseObject response= WS.sendRequestAndVerify(findTestObject('Object Repository/GET Booking Ids', [('id') : id ]))
                  ^

1 error

	at com.kms.katalon.core.main.ScriptEngine.getScript(ScriptEngine.java:199)
	at com.kms.katalon.core.main.ScriptEngine.run(ScriptEngine.java:194)
	at com.kms.katalon.core.main.ScriptEngine.runScriptAsRawText(ScriptEngine.java:119)
	at com.kms.katalon.core.main.TestCaseExecutor.runScript(TestCaseExecutor.java:448)
	at com.kms.katalon.core.main.TestCaseExecutor.doExecute(TestCaseExecutor.java:439)
	at com.kms.katalon.core.main.TestCaseExecutor.processExecutionPhase(TestCaseExecutor.java:418)
	at com.kms.katalon.core.main.TestCaseExecutor.accessMainPhase(TestCaseExecutor.java:410)
	at com.kms.katalon.core.main.TestCaseExecutor.execute(TestCaseExecutor.java:285)
	at com.kms.katalon.core.common.CommonExecutor.accessTestCaseMainPhase(CommonExecutor.java:65)
	at com.kms.katalon.core.main.TestSuiteExecutor.accessTestSuiteMainPhase(TestSuiteExecutor.java:148)
	at com.kms.katalon.core.main.TestSuiteExecutor.execute(TestSuiteExecutor.java:106)
	at com.kms.katalon.core.main.TestCaseMain.startTestSuite(TestCaseMain.java:180)
	at TempTestSuite1704893324232.run(TempTestSuite1704893324232.groovy:36)
	at java.base/jdk.internal.reflect.NativeMethodAccessorImpl.invoke0(Native Method)
	at java.base/jdk.internal.reflect.NativeMethodAccessorImpl.invoke(NativeMethodAccessorImpl.java:77)
	at java.base/jdk.internal.reflect.DelegatingMethodAccessorImpl.invoke(DelegatingMethodAccessorImpl.java:43)]]></system-out>
      <system-err><![CDATA[10-01-2024T20:28:50 - [TEST_SUITE][ERROR] - Exercise 2: Test Cases/GET Booking Ids FAILED.
Reason:
org.codehaus.groovy.control.MultipleCompilationErrorsException: startup failed:
file:/Users/cucnguyen/Katalon%20Studio/Exam%20Katalon/Scripts/GET%20Booking%20Ids/Script1704891445868.groovy: 25: unable to resolve class ResponseObject
 @ line 25, column 16.
   ResponseObject response= WS.sendRequestAndVerify(findTestObject('Object Repository/GET Booking Ids', [('id') : id ]))
                  ^

1 error

	at com.kms.katalon.core.main.ScriptEngine.getScript(ScriptEngine.java:199)
	at com.kms.katalon.core.main.ScriptEngine.run(ScriptEngine.java:194)
	at com.kms.katalon.core.main.ScriptEngine.runScriptAsRawText(ScriptEngine.java:119)
	at com.kms.katalon.core.main.TestCaseExecutor.runScript(TestCaseExecutor.java:448)
	at com.kms.katalon.core.main.TestCaseExecutor.doExecute(TestCaseExecutor.java:439)
	at com.kms.katalon.core.main.TestCaseExecutor.processExecutionPhase(TestCaseExecutor.java:418)
	at com.kms.katalon.core.main.TestCaseExecutor.accessMainPhase(TestCaseExecutor.java:410)
	at com.kms.katalon.core.main.TestCaseExecutor.execute(TestCaseExecutor.java:285)
	at com.kms.katalon.core.common.CommonExecutor.accessTestCaseMainPhase(CommonExecutor.java:65)
	at com.kms.katalon.core.main.TestSuiteExecutor.accessTestSuiteMainPhase(TestSuiteExecutor.java:148)
	at com.kms.katalon.core.main.TestSuiteExecutor.execute(TestSuiteExecutor.java:106)
	at com.kms.katalon.core.main.TestCaseMain.startTestSuite(TestCaseMain.java:180)
	at TempTestSuite1704893324232.run(TempTestSuite1704893324232.groovy:36)
	at java.base/jdk.internal.reflect.NativeMethodAccessorImpl.invoke0(Native Method)
	at java.base/jdk.internal.reflect.NativeMethodAccessorImpl.invoke(NativeMethodAccessorImpl.java:77)
	at java.base/jdk.internal.reflect.DelegatingMethodAccessorImpl.invoke(DelegatingMethodAccessorImpl.java:43)]]></system-err>
   </testsuite>
</testsuites>
