<?xml version="1.0" encoding="UTF-8"?>
<testsuites name="Exercise 2" time="8.166" tests="4" failures="0" errors="1">
   <testsuite name="Exercise 2" tests="4" failures="0" errors="1" time="8.166" skipped="0" timestamp="10-01-2024T20:16:24" hostname="cucnguyen - 192.168.2.12" id="Test Suites/Exercise 2">
      <properties>
         <property name="deviceName" value=""/>
         <property name="devicePlatform" value=""/>
         <property name="logFolder" value="/Users/cucnguyen/Katalon Studio/Exam Katalon/Reports/20240110_201611/Exercise 2/20240110_201612"/>
         <property name="logFiles" value="/Users/cucnguyen/Katalon Studio/Exam Katalon/Reports/20240110_201611/Exercise 2/20240110_201612/execution0.log"/>
         <property name="attachments" value=""/>
         <property name="hostName" value="cucnguyen - 192.168.2.12"/>
         <property name="hostAddress" value="192.168.2.12"/>
         <property name="os" value="Mac OS X 64bit"/>
         <property name="katalonVersion" value="9.1.0.212"/>
      </properties>
      <testcase name="Test Cases/POST Create Multiple Booking" time="4.46" classname="Test Cases/POST Create Multiple Booking" status="PASSED">
         <system-out><![CDATA[10-01-2024T20:16:24 - [TEST_CASE][PASSED] - Test Cases/POST Create Multiple Booking: Test Cases/POST Create Multiple Booking

10-01-2024T20:16:24 - [TEST_STEP][PASSED] - response = sendRequest(findTestObject("Object Repository/POST Create Multiple Booking", ["firstName":firstName, "lastName":lastName])): Send request successfully

10-01-2024T20:16:28 - [MESSAGE][INFO] - HAR: /Users/cucnguyen/Katalon Studio/Exam Katalon/Reports/20240110_201611/Exercise 2/20240110_201612/requests/main/0.har

10-01-2024T20:16:28 - [MESSAGE][PASSED] - Send request successfully

10-01-2024T20:16:28 - [TEST_STEP][PASSED] - verifyResponseStatusCode(response, 200): Verify response status code successfully

10-01-2024T20:16:28 - [MESSAGE][PASSED] - Verify response status code successfully

10-01-2024T20:16:28 - [TEST_STEP][PASSED] - verifyElementPropertyValue(response, "booking.firstname", $firstName): Verify element property value successfully

10-01-2024T20:16:28 - [MESSAGE][PASSED] - Verify element property value successfully

10-01-2024T20:16:28 - [TEST_STEP][PASSED] - verifyElementPropertyValue(response, "booking.lastname", $lastName): Verify element property value successfully

10-01-2024T20:16:28 - [MESSAGE][PASSED] - Verify element property value successfully

10-01-2024T20:16:28 - [TEST_STEP][PASSED] - id = getElementPropertyValue(response, "bookingid"): null

10-01-2024T20:16:28 - [TEST_STEP][PASSED] - ids = id: null

10-01-2024T20:16:28 - [TEST_STEP][PASSED] - println("Boooking id: " + id): null]]></system-out>
         <system-err><![CDATA[]]></system-err>
      </testcase>
      <testcase name="Test Cases/POST Create Multiple Booking" time="1.827" classname="Test Cases/POST Create Multiple Booking" status="PASSED">
         <system-out><![CDATA[10-01-2024T20:16:28 - [TEST_CASE][PASSED] - Test Cases/POST Create Multiple Booking: Test Cases/POST Create Multiple Booking

10-01-2024T20:16:28 - [TEST_STEP][PASSED] - response = sendRequest(findTestObject("Object Repository/POST Create Multiple Booking", ["firstName":firstName, "lastName":lastName])): Send request successfully

10-01-2024T20:16:30 - [MESSAGE][INFO] - HAR: /Users/cucnguyen/Katalon Studio/Exam Katalon/Reports/20240110_201611/Exercise 2/20240110_201612/requests/main/1.har

10-01-2024T20:16:30 - [MESSAGE][PASSED] - Send request successfully

10-01-2024T20:16:30 - [TEST_STEP][PASSED] - verifyResponseStatusCode(response, 200): Verify response status code successfully

10-01-2024T20:16:30 - [MESSAGE][PASSED] - Verify response status code successfully

10-01-2024T20:16:30 - [TEST_STEP][PASSED] - verifyElementPropertyValue(response, "booking.firstname", $firstName): Verify element property value successfully

10-01-2024T20:16:30 - [MESSAGE][PASSED] - Verify element property value successfully

10-01-2024T20:16:30 - [TEST_STEP][PASSED] - verifyElementPropertyValue(response, "booking.lastname", $lastName): Verify element property value successfully

10-01-2024T20:16:30 - [MESSAGE][PASSED] - Verify element property value successfully

10-01-2024T20:16:30 - [TEST_STEP][PASSED] - id = getElementPropertyValue(response, "bookingid"): null

10-01-2024T20:16:30 - [TEST_STEP][PASSED] - ids = id: null

10-01-2024T20:16:30 - [TEST_STEP][PASSED] - println("Boooking id: " + id): null]]></system-out>
         <system-err><![CDATA[]]></system-err>
      </testcase>
      <testcase name="Test Cases/POST Create Multiple Booking" time="1.731" classname="Test Cases/POST Create Multiple Booking" status="PASSED">
         <system-out><![CDATA[10-01-2024T20:16:30 - [TEST_CASE][PASSED] - Test Cases/POST Create Multiple Booking: Test Cases/POST Create Multiple Booking

10-01-2024T20:16:30 - [TEST_STEP][PASSED] - response = sendRequest(findTestObject("Object Repository/POST Create Multiple Booking", ["firstName":firstName, "lastName":lastName])): Send request successfully

10-01-2024T20:16:32 - [MESSAGE][INFO] - HAR: /Users/cucnguyen/Katalon Studio/Exam Katalon/Reports/20240110_201611/Exercise 2/20240110_201612/requests/main/2.har

10-01-2024T20:16:32 - [MESSAGE][PASSED] - Send request successfully

10-01-2024T20:16:32 - [TEST_STEP][PASSED] - verifyResponseStatusCode(response, 200): Verify response status code successfully

10-01-2024T20:16:32 - [MESSAGE][PASSED] - Verify response status code successfully

10-01-2024T20:16:32 - [TEST_STEP][PASSED] - verifyElementPropertyValue(response, "booking.firstname", $firstName): Verify element property value successfully

10-01-2024T20:16:32 - [MESSAGE][PASSED] - Verify element property value successfully

10-01-2024T20:16:32 - [TEST_STEP][PASSED] - verifyElementPropertyValue(response, "booking.lastname", $lastName): Verify element property value successfully

10-01-2024T20:16:32 - [MESSAGE][PASSED] - Verify element property value successfully

10-01-2024T20:16:32 - [TEST_STEP][PASSED] - id = getElementPropertyValue(response, "bookingid"): null

10-01-2024T20:16:32 - [TEST_STEP][PASSED] - ids = id: null

10-01-2024T20:16:32 - [TEST_STEP][PASSED] - println("Boooking id: " + id): null]]></system-out>
         <system-err><![CDATA[]]></system-err>
      </testcase>
      <testcase name="Test Cases/GET Booking Ids" time="0.014" classname="Test Cases/GET Booking Ids" status="ERROR">
         <error type="ERROR" message="Test Cases/GET Booking Ids has ERROR(s).&#xa;Reason:&#xa;org.codehaus.groovy.control.MultipleCompilationErrorsException: startup failed:&#xa;Script313778826849166.groovy: 24: Unexpected input: '(' @ line 24, column 49.&#xa;   ponse= WS.sendRequestAndVerify(findTestO&#xa;                                 ^&#xa;&#xa;1 error&#xa;"/>
         <system-out><![CDATA[10-01-2024T20:16:32 - [TEST_CASE][ERROR] - Test Cases/GET Booking Ids: Test Cases/GET Booking Ids has ERROR(s).
Reason:
org.codehaus.groovy.control.MultipleCompilationErrorsException: startup failed:
Script313778826849166.groovy: 24: Unexpected input: '(' @ line 24, column 49.
   ponse= WS.sendRequestAndVerify(findTestO
                                 ^

1 error]]></system-out>
         <system-err><![CDATA[10-01-2024T20:16:32 - [TEST_CASE][ERROR] - Test Cases/GET Booking Ids: Test Cases/GET Booking Ids has ERROR(s).
Reason:
org.codehaus.groovy.control.MultipleCompilationErrorsException: startup failed:
Script313778826849166.groovy: 24: Unexpected input: '(' @ line 24, column 49.
   ponse= WS.sendRequestAndVerify(findTestO
                                 ^

1 error]]></system-err>
      </testcase>
      <system-out><![CDATA[10-01-2024T20:16:24 - [TEST_SUITE][ERROR] - Exercise 2: Test Cases/GET Booking Ids has ERROR(s).
Reason:
org.codehaus.groovy.control.MultipleCompilationErrorsException: startup failed:
Script313778826849166.groovy: 24: Unexpected input: '(' @ line 24, column 49.
   ponse= WS.sendRequestAndVerify(findTestO
                                 ^

1 error]]></system-out>
      <system-err><![CDATA[10-01-2024T20:16:24 - [TEST_SUITE][ERROR] - Exercise 2: Test Cases/GET Booking Ids has ERROR(s).
Reason:
org.codehaus.groovy.control.MultipleCompilationErrorsException: startup failed:
Script313778826849166.groovy: 24: Unexpected input: '(' @ line 24, column 49.
   ponse= WS.sendRequestAndVerify(findTestO
                                 ^

1 error]]></system-err>
   </testsuite>
</testsuites>
