<?xml version="1.0" encoding="UTF-8"?>
<testsuites name="Final Test" time="24.022" tests="4" failures="0" errors="0">
   <testsuite name="Final Test" tests="4" failures="0" errors="0" time="24.022" skipped="0" timestamp="18-01-2024T21:11:49" hostname="cucnguyen - localhost" id="Test Suites/Final Test">
      <properties>
         <property name="deviceName" value=""/>
         <property name="devicePlatform" value=""/>
         <property name="logFolder" value="/Users/cucnguyen/git/katalonApiExercise/Reports/20240118_211141/Final Test/20240118_211142"/>
         <property name="logFiles" value="/Users/cucnguyen/git/katalonApiExercise/Reports/20240118_211141/Final Test/20240118_211142/execution0.log"/>
         <property name="attachments" value=""/>
         <property name="hostName" value="cucnguyen - localhost"/>
         <property name="hostAddress" value="127.0.0.1"/>
         <property name="os" value="Mac OS X 64bit"/>
         <property name="katalonVersion" value="9.1.0.212"/>
      </properties>
      <testcase name="Test Cases/POST Create booking" time="3.323" classname="Test Cases/POST Create booking" status="PASSED">
         <system-out><![CDATA[18-01-2024T21:11:52 - [TEST_CASE][PASSED] - Test Cases/POST Create booking: Test Cases/POST Create booking

18-01-2024T21:11:52 - [TEST_STEP][PASSED] - firstName = sample.Common.generateRandomString(): sample.Common.generateRandomString is PASSED

18-01-2024T21:11:52 - [MESSAGE][PASSED] - sample.Common.generateRandomString is PASSED

18-01-2024T21:11:52 - [TEST_STEP][PASSED] - lastName = sample.Common.generateRandomString(): sample.Common.generateRandomString is PASSED

18-01-2024T21:11:52 - [MESSAGE][PASSED] - sample.Common.generateRandomString is PASSED

18-01-2024T21:11:52 - [TEST_STEP][PASSED] - response = sendRequest(findTestObject("Object Repository/POST Create booking", ["firstName":firstName, "lastName":lastName])): Send request successfully

18-01-2024T21:11:53 - [MESSAGE][INFO] - HAR: /Users/cucnguyen/git/katalonApiExercise/Reports/20240118_211141/Final Test/20240118_211142/requests/main/1.har

18-01-2024T21:11:53 - [MESSAGE][PASSED] - Send request successfully

18-01-2024T21:11:53 - [TEST_STEP][PASSED] - verifyResponseStatusCode(response, 200): Verify response status code successfully

18-01-2024T21:11:53 - [MESSAGE][PASSED] - Verify response status code successfully

18-01-2024T21:11:53 - [TEST_STEP][PASSED] - verifyElementPropertyValue(response, "booking.firstname", $firstName): Verify element property value successfully

18-01-2024T21:11:53 - [MESSAGE][PASSED] - Verify element property value successfully

18-01-2024T21:11:53 - [TEST_STEP][PASSED] - verifyElementPropertyValue(response, "booking.lastname", $lastName): Verify element property value successfully

18-01-2024T21:11:53 - [MESSAGE][PASSED] - Verify element property value successfully

18-01-2024T21:11:53 - [TEST_STEP][PASSED] - responseFirstName = getElementPropertyValue(response, "booking.firstname"): null

18-01-2024T21:11:53 - [TEST_STEP][PASSED] - responseLastName = getElementPropertyValue(response, "booking.lastname"): null

18-01-2024T21:11:53 - [TEST_STEP][PASSED] - id = getElementPropertyValue(response, "bookingid"): null

18-01-2024T21:11:53 - [TEST_STEP][PASSED] - responseSearch = sendRequestAndVerify(findTestObject("Object Repository/GET Search booking", ["firstName":responseFirstName, "lastName":responseLastName])): Send request and verify the response successfully

18-01-2024T21:11:55 - [MESSAGE][INFO] - HAR: /Users/cucnguyen/git/katalonApiExercise/Reports/20240118_211141/Final Test/20240118_211142/requests/main/2.har

18-01-2024T21:11:55 - [TEST_CASE][PASSED] - Start Test Case : Verification: Verification accomplished successfully

18-01-2024T21:11:55 - [TEST_STEP][PASSED] - request = getInstance().getCurrentRequest(): null

18-01-2024T21:11:55 - [TEST_STEP][PASSED] - response = getInstance().getCurrentResponse(): null

18-01-2024T21:11:55 - [TEST_STEP][PASSED] - id = id: null

18-01-2024T21:11:55 - [TEST_STEP][PASSED] - jsonSlurper = new groovy.json.JsonSlurper(): null

18-01-2024T21:11:55 - [TEST_STEP][PASSED] - jsonResponse = jsonSlurper.parseText(response.getResponseText()): null

18-01-2024T21:11:55 - [MESSAGE][PASSED] - Verify response successfully

18-01-2024T21:11:55 - [MESSAGE][PASSED] - All validation steps have been passed

18-01-2024T21:11:55 - [MESSAGE][PASSED] - Send request and verify the response successfully

18-01-2024T21:11:55 - [TEST_STEP][PASSED] - verifyResponseStatusCode(responseSearch, 200): Verify response status code successfully

18-01-2024T21:11:55 - [MESSAGE][PASSED] - Verify response status code successfully

18-01-2024T21:11:55 - [TEST_STEP][PASSED] - responseBody = responseSearch.getResponseBodyContent(): null

18-01-2024T21:11:55 - [TEST_STEP][PASSED] - jsonResponse = JsonSlurper().parseText(responseBody): null

18-01-2024T21:11:55 - [TEST_STEP][PASSED] - userId = bookingid: null

18-01-2024T21:11:55 - [TEST_STEP][PASSED] - println("ID in response: " + userId): null

18-01-2024T21:11:55 - [TEST_STEP][PASSED] - println("response: " + responseBody): null

18-01-2024T21:11:55 - [TEST_STEP][PASSED] - verifyEqual(userId, id): Actual object '5,721' and expected object '5,721' are equal

18-01-2024T21:11:55 - [MESSAGE][PASSED] - Actual object '5,721' and expected object '5,721' are equal

18-01-2024T21:11:55 - [TEST_STEP][PASSED] - countID = jsonResponse.collect({ -> ... }): null

18-01-2024T21:11:55 - [TEST_STEP][PASSED] - println(countID.size()): null

18-01-2024T21:11:55 - [TEST_STEP][PASSED] - expectedNumber = 1: null

18-01-2024T21:11:55 - [TEST_STEP][PASSED] - verifyEqual(countID.size(), expectedNumber): Actual object '1' and expected object '1' are equal

18-01-2024T21:11:55 - [MESSAGE][PASSED] - Actual object '1' and expected object '1' are equal]]></system-out>
         <system-err><![CDATA[]]></system-err>
      </testcase>
      <testcase name="Test Cases/POST Create Multiple Booking" time="2.954" classname="Test Cases/POST Create Multiple Booking" status="PASSED">
         <system-out><![CDATA[18-01-2024T21:11:55 - [TEST_CASE][PASSED] - Test Cases/POST Create Multiple Booking: Test Cases/POST Create Multiple Booking

18-01-2024T21:11:55 - [TEST_STEP][PASSED] - response = sendRequest(findTestObject("Object Repository/POST Create Multiple Booking", ["firstName":firstName, "lastName":lastName])): Send request successfully

18-01-2024T21:11:56 - [MESSAGE][INFO] - HAR: /Users/cucnguyen/git/katalonApiExercise/Reports/20240118_211141/Final Test/20240118_211142/requests/main/3.har

18-01-2024T21:11:56 - [MESSAGE][PASSED] - Send request successfully

18-01-2024T21:11:56 - [TEST_STEP][PASSED] - verifyResponseStatusCode(response, 200): Verify response status code successfully

18-01-2024T21:11:56 - [MESSAGE][PASSED] - Verify response status code successfully

18-01-2024T21:11:56 - [TEST_STEP][PASSED] - verifyElementPropertyValue(response, "booking.firstname", $firstName): Verify element property value successfully

18-01-2024T21:11:56 - [MESSAGE][PASSED] - Verify element property value successfully

18-01-2024T21:11:56 - [TEST_STEP][PASSED] - verifyElementPropertyValue(response, "booking.lastname", $lastName): Verify element property value successfully

18-01-2024T21:11:57 - [MESSAGE][PASSED] - Verify element property value successfully

18-01-2024T21:11:57 - [TEST_STEP][PASSED] - id = getElementPropertyValue(response, "bookingid"): null

18-01-2024T21:11:57 - [TEST_STEP][PASSED] - responseGETRequest = sendRequestAndVerify(findTestObject("Object Repository/GET Booking Ids", ["id":id])): Send request and verify the response successfully

18-01-2024T21:11:58 - [MESSAGE][INFO] - HAR: /Users/cucnguyen/git/katalonApiExercise/Reports/20240118_211141/Final Test/20240118_211142/requests/main/4.har

18-01-2024T21:11:58 - [TEST_CASE][PASSED] - Start Test Case : Verification: Verification accomplished successfully

18-01-2024T21:11:58 - [TEST_STEP][PASSED] - request = getInstance().getCurrentRequest(): null

18-01-2024T21:11:58 - [TEST_STEP][PASSED] - response = getInstance().getCurrentResponse(): null

18-01-2024T21:11:58 - [MESSAGE][PASSED] - Verify response successfully

18-01-2024T21:11:58 - [MESSAGE][PASSED] - All validation steps have been passed

18-01-2024T21:11:58 - [MESSAGE][PASSED] - Send request and verify the response successfully

18-01-2024T21:11:58 - [TEST_STEP][PASSED] - verifyResponseStatusCode(responseGETRequest, 200): Verify response status code successfully

18-01-2024T21:11:58 - [MESSAGE][PASSED] - Verify response status code successfully

18-01-2024T21:11:58 - [TEST_STEP][PASSED] - responseBody = responseGETRequest.getResponseBodyContent(): null

18-01-2024T21:11:58 - [TEST_STEP][PASSED] - jsonResponse = JsonSlurper().parseText(responseBody): null

18-01-2024T21:11:58 - [TEST_STEP][PASSED] - firstNameRes = firstname: null

18-01-2024T21:11:58 - [TEST_STEP][PASSED] - lastNameRes = lastname: null

18-01-2024T21:11:58 - [TEST_STEP][PASSED] - println("RESPONE: " + jsonResponse): null

18-01-2024T21:11:58 - [TEST_STEP][PASSED] - verifyEqual(lastNameRes, $lastName): Actual object 'Nguyen' and expected object 'Nguyen' are equal

18-01-2024T21:11:58 - [MESSAGE][PASSED] - Actual object 'Nguyen' and expected object 'Nguyen' are equal

18-01-2024T21:11:58 - [TEST_STEP][PASSED] - verifyEqual(firstNameRes, $firstName): Actual object 'Cuc' and expected object 'Cuc' are equal

18-01-2024T21:11:58 - [MESSAGE][PASSED] - Actual object 'Cuc' and expected object 'Cuc' are equal]]></system-out>
         <system-err><![CDATA[]]></system-err>
      </testcase>
      <testcase name="Test Cases/POST Create Multiple Booking" time="3.401" classname="Test Cases/POST Create Multiple Booking" status="PASSED">
         <system-out><![CDATA[18-01-2024T21:12:06 - [TEST_CASE][PASSED] - Test Cases/POST Create Multiple Booking: Test Cases/POST Create Multiple Booking

18-01-2024T21:12:06 - [TEST_STEP][PASSED] - response = sendRequest(findTestObject("Object Repository/POST Create Multiple Booking", ["firstName":firstName, "lastName":lastName])): Send request successfully

18-01-2024T21:12:08 - [MESSAGE][INFO] - HAR: /Users/cucnguyen/git/katalonApiExercise/Reports/20240118_211141/Final Test/20240118_211142/requests/main/7.har

18-01-2024T21:12:08 - [MESSAGE][PASSED] - Send request successfully

18-01-2024T21:12:08 - [TEST_STEP][PASSED] - verifyResponseStatusCode(response, 200): Verify response status code successfully

18-01-2024T21:12:08 - [MESSAGE][PASSED] - Verify response status code successfully

18-01-2024T21:12:08 - [TEST_STEP][PASSED] - verifyElementPropertyValue(response, "booking.firstname", $firstName): Verify element property value successfully

18-01-2024T21:12:08 - [MESSAGE][PASSED] - Verify element property value successfully

18-01-2024T21:12:08 - [TEST_STEP][PASSED] - verifyElementPropertyValue(response, "booking.lastname", $lastName): Verify element property value successfully

18-01-2024T21:12:08 - [MESSAGE][PASSED] - Verify element property value successfully

18-01-2024T21:12:08 - [TEST_STEP][PASSED] - id = getElementPropertyValue(response, "bookingid"): null

18-01-2024T21:12:08 - [TEST_STEP][PASSED] - responseGETRequest = sendRequestAndVerify(findTestObject("Object Repository/GET Booking Ids", ["id":id])): Send request and verify the response successfully

18-01-2024T21:12:10 - [MESSAGE][INFO] - HAR: /Users/cucnguyen/git/katalonApiExercise/Reports/20240118_211141/Final Test/20240118_211142/requests/main/8.har

18-01-2024T21:12:10 - [TEST_CASE][PASSED] - Start Test Case : Verification: Verification accomplished successfully

18-01-2024T21:12:10 - [TEST_STEP][PASSED] - request = getInstance().getCurrentRequest(): null

18-01-2024T21:12:10 - [TEST_STEP][PASSED] - response = getInstance().getCurrentResponse(): null

18-01-2024T21:12:10 - [MESSAGE][PASSED] - Verify response successfully

18-01-2024T21:12:10 - [MESSAGE][PASSED] - All validation steps have been passed

18-01-2024T21:12:10 - [MESSAGE][PASSED] - Send request and verify the response successfully

18-01-2024T21:12:10 - [TEST_STEP][PASSED] - verifyResponseStatusCode(responseGETRequest, 200): Verify response status code successfully

18-01-2024T21:12:10 - [MESSAGE][PASSED] - Verify response status code successfully

18-01-2024T21:12:10 - [TEST_STEP][PASSED] - responseBody = responseGETRequest.getResponseBodyContent(): null

18-01-2024T21:12:10 - [TEST_STEP][PASSED] - jsonResponse = JsonSlurper().parseText(responseBody): null

18-01-2024T21:12:10 - [TEST_STEP][PASSED] - firstNameRes = firstname: null

18-01-2024T21:12:10 - [TEST_STEP][PASSED] - lastNameRes = lastname: null

18-01-2024T21:12:10 - [TEST_STEP][PASSED] - println("RESPONE: " + jsonResponse): null

18-01-2024T21:12:10 - [TEST_STEP][PASSED] - verifyEqual(lastNameRes, $lastName): Actual object 'Chau' and expected object 'Chau' are equal

18-01-2024T21:12:10 - [MESSAGE][PASSED] - Actual object 'Chau' and expected object 'Chau' are equal

18-01-2024T21:12:10 - [TEST_STEP][PASSED] - verifyEqual(firstNameRes, $firstName): Actual object 'Lap' and expected object 'Lap' are equal

18-01-2024T21:12:10 - [MESSAGE][PASSED] - Actual object 'Lap' and expected object 'Lap' are equal]]></system-out>
         <system-err><![CDATA[]]></system-err>
      </testcase>
      <testcase name="Test Cases/POST Create Multiple Booking" time="3.411" classname="Test Cases/POST Create Multiple Booking" status="PASSED">
         <system-out><![CDATA[18-01-2024T21:12:10 - [TEST_CASE][PASSED] - Test Cases/POST Create Multiple Booking: Test Cases/POST Create Multiple Booking

18-01-2024T21:12:10 - [TEST_STEP][PASSED] - response = sendRequest(findTestObject("Object Repository/POST Create Multiple Booking", ["firstName":firstName, "lastName":lastName])): Send request successfully

18-01-2024T21:12:12 - [MESSAGE][INFO] - HAR: /Users/cucnguyen/git/katalonApiExercise/Reports/20240118_211141/Final Test/20240118_211142/requests/main/9.har

18-01-2024T21:12:12 - [MESSAGE][PASSED] - Send request successfully

18-01-2024T21:12:12 - [TEST_STEP][PASSED] - verifyResponseStatusCode(response, 200): Verify response status code successfully

18-01-2024T21:12:12 - [MESSAGE][PASSED] - Verify response status code successfully

18-01-2024T21:12:12 - [TEST_STEP][PASSED] - verifyElementPropertyValue(response, "booking.firstname", $firstName): Verify element property value successfully

18-01-2024T21:12:12 - [MESSAGE][PASSED] - Verify element property value successfully

18-01-2024T21:12:12 - [TEST_STEP][PASSED] - verifyElementPropertyValue(response, "booking.lastname", $lastName): Verify element property value successfully

18-01-2024T21:12:12 - [MESSAGE][PASSED] - Verify element property value successfully

18-01-2024T21:12:12 - [TEST_STEP][PASSED] - id = getElementPropertyValue(response, "bookingid"): null

18-01-2024T21:12:12 - [TEST_STEP][PASSED] - responseGETRequest = sendRequestAndVerify(findTestObject("Object Repository/GET Booking Ids", ["id":id])): Send request and verify the response successfully

18-01-2024T21:12:13 - [MESSAGE][INFO] - HAR: /Users/cucnguyen/git/katalonApiExercise/Reports/20240118_211141/Final Test/20240118_211142/requests/main/10.har

18-01-2024T21:12:13 - [TEST_CASE][PASSED] - Start Test Case : Verification: Verification accomplished successfully

18-01-2024T21:12:13 - [TEST_STEP][PASSED] - request = getInstance().getCurrentRequest(): null

18-01-2024T21:12:13 - [TEST_STEP][PASSED] - response = getInstance().getCurrentResponse(): null

18-01-2024T21:12:13 - [MESSAGE][PASSED] - Verify response successfully

18-01-2024T21:12:13 - [MESSAGE][PASSED] - All validation steps have been passed

18-01-2024T21:12:13 - [MESSAGE][PASSED] - Send request and verify the response successfully

18-01-2024T21:12:13 - [TEST_STEP][PASSED] - verifyResponseStatusCode(responseGETRequest, 200): Verify response status code successfully

18-01-2024T21:12:13 - [MESSAGE][PASSED] - Verify response status code successfully

18-01-2024T21:12:13 - [TEST_STEP][PASSED] - responseBody = responseGETRequest.getResponseBodyContent(): null

18-01-2024T21:12:13 - [TEST_STEP][PASSED] - jsonResponse = JsonSlurper().parseText(responseBody): null

18-01-2024T21:12:13 - [TEST_STEP][PASSED] - firstNameRes = firstname: null

18-01-2024T21:12:13 - [TEST_STEP][PASSED] - lastNameRes = lastname: null

18-01-2024T21:12:13 - [TEST_STEP][PASSED] - println("RESPONE: " + jsonResponse): null

18-01-2024T21:12:13 - [TEST_STEP][PASSED] - verifyEqual(lastNameRes, $lastName): Actual object 'Nguyen' and expected object 'Nguyen' are equal

18-01-2024T21:12:13 - [MESSAGE][PASSED] - Actual object 'Nguyen' and expected object 'Nguyen' are equal

18-01-2024T21:12:13 - [TEST_STEP][PASSED] - verifyEqual(firstNameRes, $firstName): Actual object 'Anh' and expected object 'Anh' are equal

18-01-2024T21:12:13 - [MESSAGE][PASSED] - Actual object 'Anh' and expected object 'Anh' are equal]]></system-out>
         <system-err><![CDATA[]]></system-err>
      </testcase>
      <system-out><![CDATA[18-01-2024T21:11:49 - [TEST_SUITE][FAILED] - Final Test: Test Cases/POST Create Multiple Booking FAILED.
Reason:
com.kms.katalon.core.exception.StepFailedException: Expected status code is '200' but actual status code is '404'
	at com.kms.katalon.core.keyword.internal.KeywordMain.stepFailed(KeywordMain.groovy:51)
	at com.kms.katalon.core.webservice.keyword.builtin.VerifyResponseStatusCodeKeyword.verifyStatusCode(VerifyResponseStatusCodeKeyword.groovy:52)
	at com.kms.katalon.core.webservice.keyword.builtin.VerifyResponseStatusCodeKeyword.access$0(VerifyResponseStatusCodeKeyword.groovy)
	at com.kms.katalon.core.webservice.keyword.builtin.VerifyResponseStatusCodeKeyword$_verifyResponseStatusCode_closure1.doCall(VerifyResponseStatusCodeKeyword.groovy:42)
	at com.kms.katalon.core.webservice.keyword.builtin.VerifyResponseStatusCodeKeyword$_verifyResponseStatusCode_closure1.call(VerifyResponseStatusCodeKeyword.groovy)
	at com.kms.katalon.core.keyword.internal.KeywordMain.runKeyword(KeywordMain.groovy:75)
	at com.kms.katalon.core.webservice.keyword.builtin.VerifyResponseStatusCodeKeyword.verifyResponseStatusCode(VerifyResponseStatusCodeKeyword.groovy:37)
	at com.kms.katalon.core.webservice.keyword.builtin.VerifyResponseStatusCodeKeyword.execute(VerifyResponseStatusCodeKeyword.groovy:32)
	at com.kms.katalon.core.keyword.internal.KeywordExecutor.executeKeywordForPlatform(KeywordExecutor.groovy:74)
	at com.kms.katalon.core.webservice.keyword.WSBuiltInKeywords.verifyResponseStatusCode(WSBuiltInKeywords.groovy:345)
	at POST Create Multiple Booking.run(POST Create Multiple Booking:22)
	at com.kms.katalon.core.main.ScriptEngine.run(ScriptEngine.java:194)
	at com.kms.katalon.core.main.ScriptEngine.runScriptAsRawText(ScriptEngine.java:119)
	at com.kms.katalon.core.main.TestCaseExecutor.runScript(TestCaseExecutor.java:448)
	at com.kms.katalon.core.main.TestCaseExecutor.doExecute(TestCaseExecutor.java:439)
	at com.kms.katalon.core.main.TestCaseExecutor.processExecutionPhase(TestCaseExecutor.java:418)
	at com.kms.katalon.core.main.TestCaseExecutor.accessMainPhase(TestCaseExecutor.java:410)
	at com.kms.katalon.core.main.TestCaseExecutor.execute(TestCaseExecutor.java:285)
	at com.kms.katalon.core.common.CommonExecutor.accessTestCaseMainPhase(CommonExecutor.java:65)
	at com.kms.katalon.core.main.TestSuiteExecutor.accessTestSuiteMainPhase(TestSuiteExecutor.java:148)
	at com.kms.katalon.core.main.TestSuiteExecutor.execute(TestSuiteExecutor.java:106)
	at com.kms.katalon.core.main.TestCaseMain.startTestSuite(TestCaseMain.java:180)
	at TempTestSuite1705587102678.run(TempTestSuite1705587102678.groovy:36)
	at java.base/jdk.internal.reflect.NativeMethodAccessorImpl.invoke0(Native Method)
	at java.base/jdk.internal.reflect.NativeMethodAccessorImpl.invoke(NativeMethodAccessorImpl.java:77)
	at java.base/jdk.internal.reflect.DelegatingMethodAccessorImpl.invoke(DelegatingMethodAccessorImpl.java:43)]]></system-out>
      <system-err><![CDATA[18-01-2024T21:11:49 - [TEST_SUITE][FAILED] - Final Test: Test Cases/POST Create Multiple Booking FAILED.
Reason:
com.kms.katalon.core.exception.StepFailedException: Expected status code is '200' but actual status code is '404'
	at com.kms.katalon.core.keyword.internal.KeywordMain.stepFailed(KeywordMain.groovy:51)
	at com.kms.katalon.core.webservice.keyword.builtin.VerifyResponseStatusCodeKeyword.verifyStatusCode(VerifyResponseStatusCodeKeyword.groovy:52)
	at com.kms.katalon.core.webservice.keyword.builtin.VerifyResponseStatusCodeKeyword.access$0(VerifyResponseStatusCodeKeyword.groovy)
	at com.kms.katalon.core.webservice.keyword.builtin.VerifyResponseStatusCodeKeyword$_verifyResponseStatusCode_closure1.doCall(VerifyResponseStatusCodeKeyword.groovy:42)
	at com.kms.katalon.core.webservice.keyword.builtin.VerifyResponseStatusCodeKeyword$_verifyResponseStatusCode_closure1.call(VerifyResponseStatusCodeKeyword.groovy)
	at com.kms.katalon.core.keyword.internal.KeywordMain.runKeyword(KeywordMain.groovy:75)
	at com.kms.katalon.core.webservice.keyword.builtin.VerifyResponseStatusCodeKeyword.verifyResponseStatusCode(VerifyResponseStatusCodeKeyword.groovy:37)
	at com.kms.katalon.core.webservice.keyword.builtin.VerifyResponseStatusCodeKeyword.execute(VerifyResponseStatusCodeKeyword.groovy:32)
	at com.kms.katalon.core.keyword.internal.KeywordExecutor.executeKeywordForPlatform(KeywordExecutor.groovy:74)
	at com.kms.katalon.core.webservice.keyword.WSBuiltInKeywords.verifyResponseStatusCode(WSBuiltInKeywords.groovy:345)
	at POST Create Multiple Booking.run(POST Create Multiple Booking:22)
	at com.kms.katalon.core.main.ScriptEngine.run(ScriptEngine.java:194)
	at com.kms.katalon.core.main.ScriptEngine.runScriptAsRawText(ScriptEngine.java:119)
	at com.kms.katalon.core.main.TestCaseExecutor.runScript(TestCaseExecutor.java:448)
	at com.kms.katalon.core.main.TestCaseExecutor.doExecute(TestCaseExecutor.java:439)
	at com.kms.katalon.core.main.TestCaseExecutor.processExecutionPhase(TestCaseExecutor.java:418)
	at com.kms.katalon.core.main.TestCaseExecutor.accessMainPhase(TestCaseExecutor.java:410)
	at com.kms.katalon.core.main.TestCaseExecutor.execute(TestCaseExecutor.java:285)
	at com.kms.katalon.core.common.CommonExecutor.accessTestCaseMainPhase(CommonExecutor.java:65)
	at com.kms.katalon.core.main.TestSuiteExecutor.accessTestSuiteMainPhase(TestSuiteExecutor.java:148)
	at com.kms.katalon.core.main.TestSuiteExecutor.execute(TestSuiteExecutor.java:106)
	at com.kms.katalon.core.main.TestCaseMain.startTestSuite(TestCaseMain.java:180)
	at TempTestSuite1705587102678.run(TempTestSuite1705587102678.groovy:36)
	at java.base/jdk.internal.reflect.NativeMethodAccessorImpl.invoke0(Native Method)
	at java.base/jdk.internal.reflect.NativeMethodAccessorImpl.invoke(NativeMethodAccessorImpl.java:77)
	at java.base/jdk.internal.reflect.DelegatingMethodAccessorImpl.invoke(DelegatingMethodAccessorImpl.java:43)]]></system-err>
   </testsuite>
</testsuites>
