<?xml version="1.0" encoding="UTF-8"?>
<testsuites name="Exercise 3" time="2.435" tests="3" failures="0" errors="1">
   <testsuite name="Exercise 3" tests="3" failures="0" errors="1" time="2.435" skipped="0" timestamp="15-01-2024T23:48:19" hostname="cucnguyen - 192.168.21.105" id="Test Suites/Exercise 3">
      <properties>
         <property name="deviceName" value=""/>
         <property name="devicePlatform" value=""/>
         <property name="logFolder" value="/Users/cucnguyen/Katalon Studio/Exam Katalon/Reports/20240115_234814/Exercise 3/20240115_234814"/>
         <property name="logFiles" value="/Users/cucnguyen/Katalon Studio/Exam Katalon/Reports/20240115_234814/Exercise 3/20240115_234814/execution0.log"/>
         <property name="attachments" value=""/>
         <property name="hostName" value="cucnguyen - 192.168.21.105"/>
         <property name="hostAddress" value="192.168.21.105"/>
         <property name="os" value="Mac OS X 64bit"/>
         <property name="katalonVersion" value="9.1.0.212"/>
      </properties>
      <testcase name="Test Cases/POST Create Token" time="2.253" classname="Test Cases/POST Create Token" status="PASSED">
         <system-out><![CDATA[15-01-2024T23:48:19 - [TEST_CASE][PASSED] - Test Cases/POST Create Token: Test Cases/POST Create Token

15-01-2024T23:48:19 - [TEST_STEP][PASSED] - response = sendRequest(findTestObject("POST Create Token")): Send request successfully

15-01-2024T23:48:21 - [MESSAGE][INFO] - HAR: /Users/cucnguyen/Katalon Studio/Exam Katalon/Reports/20240115_234814/Exercise 3/20240115_234814/requests/main/0.har

15-01-2024T23:48:21 - [MESSAGE][PASSED] - Send request successfully

15-01-2024T23:48:21 - [TEST_STEP][PASSED] - verifyResponseStatusCode(response, 200): Verify response status code successfully

15-01-2024T23:48:21 - [MESSAGE][PASSED] - Verify response status code successfully

15-01-2024T23:48:21 - [TEST_STEP][PASSED] - responseBody = response.getResponseBodyContent(): null

15-01-2024T23:48:21 - [TEST_STEP][PASSED] - jsonResponse = JsonSlurper().parseText(responseBody): null

15-01-2024T23:48:21 - [TEST_STEP][PASSED] - token = token: null

15-01-2024T23:48:21 - [TEST_STEP][PASSED] - token = token: null

15-01-2024T23:48:21 - [TEST_STEP][PASSED] - println("Token: " + token): null]]></system-out>
         <system-err><![CDATA[]]></system-err>
      </testcase>
      <testcase name="Test Cases/Store Token" time="0.027" classname="Test Cases/Store Token" status="PASSED">
         <system-out><![CDATA[15-01-2024T23:48:21 - [TEST_CASE][PASSED] - Test Cases/Store Token: Test Cases/Store Token

15-01-2024T23:48:21 - [TEST_STEP][PASSED] - storedToken = token: null

15-01-2024T23:48:21 - [TEST_STEP][PASSED] - println("storedToken " + storedToken): null]]></system-out>
         <system-err><![CDATA[]]></system-err>
      </testcase>
      <testcase name="Test Cases/PUT Update Booking" time="0.031" classname="Test Cases/PUT Update Booking" status="ERROR">
         <error type="ERROR" message="Test Cases/PUT Update Booking has ERROR(s).&#xa;Reason:&#xa;org.codehaus.groovy.control.MultipleCompilationErrorsException: startup failed:&#xa;Script486499203085291.groovy: 34: Unexpected input: '(' @ line 34, column 16.&#xa;   headersList.add(new TestObjectProperty('Content-Type', ConditionType EQUALS, 'application/json'))&#xa;                  ^&#xa;&#xa;1 error&#xa;"/>
         <system-out><![CDATA[15-01-2024T23:48:21 - [TEST_CASE][ERROR] - Test Cases/PUT Update Booking: Test Cases/PUT Update Booking has ERROR(s).
Reason:
org.codehaus.groovy.control.MultipleCompilationErrorsException: startup failed:
Script486499203085291.groovy: 34: Unexpected input: '(' @ line 34, column 16.
   headersList.add(new TestObjectProperty('Content-Type', ConditionType EQUALS, 'application/json'))
                  ^

1 error]]></system-out>
         <system-err><![CDATA[15-01-2024T23:48:21 - [TEST_CASE][ERROR] - Test Cases/PUT Update Booking: Test Cases/PUT Update Booking has ERROR(s).
Reason:
org.codehaus.groovy.control.MultipleCompilationErrorsException: startup failed:
Script486499203085291.groovy: 34: Unexpected input: '(' @ line 34, column 16.
   headersList.add(new TestObjectProperty('Content-Type', ConditionType EQUALS, 'application/json'))
                  ^

1 error]]></system-err>
      </testcase>
      <system-out><![CDATA[15-01-2024T23:48:19 - [TEST_SUITE][ERROR] - Exercise 3: Test Cases/PUT Update Booking has ERROR(s).
Reason:
org.codehaus.groovy.control.MultipleCompilationErrorsException: startup failed:
Script486499203085291.groovy: 34: Unexpected input: '(' @ line 34, column 16.
   headersList.add(new TestObjectProperty('Content-Type', ConditionType EQUALS, 'application/json'))
                  ^

1 error]]></system-out>
      <system-err><![CDATA[15-01-2024T23:48:19 - [TEST_SUITE][ERROR] - Exercise 3: Test Cases/PUT Update Booking has ERROR(s).
Reason:
org.codehaus.groovy.control.MultipleCompilationErrorsException: startup failed:
Script486499203085291.groovy: 34: Unexpected input: '(' @ line 34, column 16.
   headersList.add(new TestObjectProperty('Content-Type', ConditionType EQUALS, 'application/json'))
                  ^

1 error]]></system-err>
   </testsuite>
</testsuites>
